<?xml version="1.0" encoding="UTF-8"?>
<!-- Generated by org.testng.reporters.JUnitReportReporter -->
<testsuite skipped="0" hostname="LAPTOP-10LINEJ8" name="scripts.No_8_test" tests="1" failures="0" timestamp="24 Mar 2020 21:17:58 GMT" time="4.591" errors="0">
  <testcase name="numkey8test" time="4.591" classname="scripts.No_8_test"/>
</testsuite> <!-- scripts.No_8_test -->
