<?xml version="1.0" encoding="UTF-8"?>
<!-- Generated by org.testng.reporters.JUnitReportReporter -->
<testsuite skipped="0" hostname="LAPTOP-10LINEJ8" name="scripts.No_7_test" tests="1" failures="0" timestamp="24 Mar 2020 21:16:22 GMT" time="6.255" errors="0">
  <testcase name="numkey7test" time="6.255" classname="scripts.No_7_test"/>
</testsuite> <!-- scripts.No_7_test -->
