<?xml version="1.0" encoding="UTF-8"?>
<!-- Generated by org.testng.reporters.JUnitReportReporter -->
<testsuite skipped="0" hostname="LAPTOP-10LINEJ8" name="scripts.No_5_test" tests="1" failures="0" timestamp="24 Mar 2020 17:11:20 GMT" time="7.689" errors="0">
  <testcase name="numkey5test" time="7.689" classname="scripts.No_5_test"/>
</testsuite> <!-- scripts.No_5_test -->
