<?xml version="1.0" encoding="UTF-8"?>
<!-- Generated by org.testng.reporters.JUnitReportReporter -->
<testsuite skipped="0" hostname="LAPTOP-10LINEJ8" name="scripts.No_1_test" tests="1" failures="0" timestamp="25 Mar 2020 19:27:58 GMT" time="4.159" errors="0">
  <testcase name="numkey1test" time="4.159" classname="scripts.No_1_test"/>
</testsuite> <!-- scripts.No_1_test -->
