<?xml version="1.0" encoding="UTF-8"?>
<!-- Generated by org.testng.reporters.JUnitReportReporter -->
<testsuite skipped="0" hostname="LAPTOP-10LINEJ8" name="scripts.No_6_test" tests="1" failures="0" timestamp="24 Mar 2020 17:13:38 GMT" time="5.582" errors="0">
  <testcase name="numkey6test" time="5.582" classname="scripts.No_6_test"/>
</testsuite> <!-- scripts.No_6_test -->
