<?xml version="1.0" encoding="UTF-8"?>
<!-- Generated by org.testng.reporters.JUnitReportReporter -->
<testsuite skipped="0" hostname="LAPTOP-10LINEJ8" name="scripts.No_9_test" tests="1" failures="0" timestamp="24 Mar 2020 21:19:16 GMT" time="5.382" errors="0">
  <testcase name="numkey9test" time="5.382" classname="scripts.No_9_test"/>
</testsuite> <!-- scripts.No_9_test -->
