<?xml version="1.0" encoding="UTF-8"?>
<!-- Generated by org.testng.reporters.JUnitReportReporter -->
<testsuite skipped="0" hostname="naga-laptop" name="config.StartBrowser" tests="1" failures="0" timestamp="11 Aug 2019 01:23:48 GMT" time="0.007" errors="0">
  <testcase name="f" time="0.007" classname="config.StartBrowser"/>
</testsuite> <!-- config.StartBrowser -->
