<?xml version="1.0" encoding="UTF-8"?>
<!-- Generated by org.testng.reporters.JUnitReportReporter -->
<testsuite skipped="0" hostname="LAPTOP-10LINEJ8" name="scripts.No_3_test" tests="1" failures="0" timestamp="24 Mar 2020 15:12:30 GMT" time="4.684" errors="0">
  <testcase name="numkey3test" time="4.684" classname="scripts.No_3_test"/>
</testsuite> <!-- scripts.No_3_test -->
